INFO:__main__:Started
INFO:__mp_main__:Started
INFO:__mp_main__:Started
INFO:__main__:Started
INFO:__mp_main__:Started
INFO:__mp_main__:Started
INFO:__main__:Started
INFO:__mp_main__:Started
INFO:__mp_main__:Started
ERROR:slack_bolt.App:Failed to run listener function (error: 'in <string>' requires string as left operand, not list)
Traceback (most recent call last):
  File "C:\Users\tsung\AppData\Local\Packages\PythonSoftwareFoundation.Python.3.11_qbz5n2kfra8p0\LocalCache\local-packages\Python311\site-packages\slack_bolt\listener\thread_runner.py", line 120, in run_ack_function_asynchronously
    listener.run_ack_function(request=request, response=response)
  File "C:\Users\tsung\AppData\Local\Packages\PythonSoftwareFoundation.Python.3.11_qbz5n2kfra8p0\LocalCache\local-packages\Python311\site-packages\slack_bolt\listener\custom_listener.py", line 50, in run_ack_function
    return self.ack_function(
           ^^^^^^^^^^^^^^^^^^
  File "C:\Users\tsung\PycharmProjects\1325-signup-\main.py", line 424, in handle_reaction_added
    update_poll_results(channel_id, poll_id, polls)
  File "C:\Users\tsung\PycharmProjects\1325-signup-\main.py", line 234, in update_poll_results
    if user_mentions in result_message:
       ^^^^^^^^^^^^^^^^^^^^^^^^^^^^^^^
TypeError: 'in <string>' requires string as left operand, not list
ERROR:slack_bolt.App:Failed to run listener function (error: 'in <string>' requires string as left operand, not list)
Traceback (most recent call last):
  File "C:\Users\tsung\AppData\Local\Packages\PythonSoftwareFoundation.Python.3.11_qbz5n2kfra8p0\LocalCache\local-packages\Python311\site-packages\slack_bolt\listener\thread_runner.py", line 120, in run_ack_function_asynchronously
    listener.run_ack_function(request=request, response=response)
  File "C:\Users\tsung\AppData\Local\Packages\PythonSoftwareFoundation.Python.3.11_qbz5n2kfra8p0\LocalCache\local-packages\Python311\site-packages\slack_bolt\listener\custom_listener.py", line 50, in run_ack_function
    return self.ack_function(
           ^^^^^^^^^^^^^^^^^^
  File "C:\Users\tsung\PycharmProjects\1325-signup-\main.py", line 437, in handle_reaction_removed
    update_poll_results(channel_id, poll_id, polls)
  File "C:\Users\tsung\PycharmProjects\1325-signup-\main.py", line 234, in update_poll_results
    if user_mentions in result_message:
       ^^^^^^^^^^^^^^^^^^^^^^^^^^^^^^^
TypeError: 'in <string>' requires string as left operand, not list
ERROR:slack_bolt.App:Failed to run listener function (error: 'in <string>' requires string as left operand, not list)
Traceback (most recent call last):
  File "C:\Users\tsung\AppData\Local\Packages\PythonSoftwareFoundation.Python.3.11_qbz5n2kfra8p0\LocalCache\local-packages\Python311\site-packages\slack_bolt\listener\thread_runner.py", line 120, in run_ack_function_asynchronously
    listener.run_ack_function(request=request, response=response)
  File "C:\Users\tsung\AppData\Local\Packages\PythonSoftwareFoundation.Python.3.11_qbz5n2kfra8p0\LocalCache\local-packages\Python311\site-packages\slack_bolt\listener\custom_listener.py", line 50, in run_ack_function
    return self.ack_function(
           ^^^^^^^^^^^^^^^^^^
  File "C:\Users\tsung\PycharmProjects\1325-signup-\main.py", line 437, in handle_reaction_removed
    update_poll_results(channel_id, poll_id, polls)
  File "C:\Users\tsung\PycharmProjects\1325-signup-\main.py", line 234, in update_poll_results
    if user_mentions in result_message:
       ^^^^^^^^^^^^^^^^^^^^^^^^^^^^^^^
TypeError: 'in <string>' requires string as left operand, not list
ERROR:slack_bolt.App:Failed to run listener function (error: 'in <string>' requires string as left operand, not list)
Traceback (most recent call last):
  File "C:\Users\tsung\AppData\Local\Packages\PythonSoftwareFoundation.Python.3.11_qbz5n2kfra8p0\LocalCache\local-packages\Python311\site-packages\slack_bolt\listener\thread_runner.py", line 120, in run_ack_function_asynchronously
    listener.run_ack_function(request=request, response=response)
  File "C:\Users\tsung\AppData\Local\Packages\PythonSoftwareFoundation.Python.3.11_qbz5n2kfra8p0\LocalCache\local-packages\Python311\site-packages\slack_bolt\listener\custom_listener.py", line 50, in run_ack_function
    return self.ack_function(
           ^^^^^^^^^^^^^^^^^^
  File "C:\Users\tsung\PycharmProjects\1325-signup-\main.py", line 437, in handle_reaction_removed
    update_poll_results(channel_id, poll_id, polls)
  File "C:\Users\tsung\PycharmProjects\1325-signup-\main.py", line 234, in update_poll_results
    if user_mentions in result_message:
       ^^^^^^^^^^^^^^^^^^^^^^^^^^^^^^^
TypeError: 'in <string>' requires string as left operand, not list
ERROR:slack_bolt.App:Failed to run listener function (error: 'in <string>' requires string as left operand, not list)
Traceback (most recent call last):
  File "C:\Users\tsung\AppData\Local\Packages\PythonSoftwareFoundation.Python.3.11_qbz5n2kfra8p0\LocalCache\local-packages\Python311\site-packages\slack_bolt\listener\thread_runner.py", line 120, in run_ack_function_asynchronously
    listener.run_ack_function(request=request, response=response)
  File "C:\Users\tsung\AppData\Local\Packages\PythonSoftwareFoundation.Python.3.11_qbz5n2kfra8p0\LocalCache\local-packages\Python311\site-packages\slack_bolt\listener\custom_listener.py", line 50, in run_ack_function
    return self.ack_function(
           ^^^^^^^^^^^^^^^^^^
  File "C:\Users\tsung\PycharmProjects\1325-signup-\main.py", line 424, in handle_reaction_added
    update_poll_results(channel_id, poll_id, polls)
  File "C:\Users\tsung\PycharmProjects\1325-signup-\main.py", line 234, in update_poll_results
    if user_mentions in result_message:
       ^^^^^^^^^^^^^^^^^^^^^^^^^^^^^^^
TypeError: 'in <string>' requires string as left operand, not list
ERROR:slack_bolt.App:Failed to run listener function (error: 'in <string>' requires string as left operand, not list)
Traceback (most recent call last):
  File "C:\Users\tsung\AppData\Local\Packages\PythonSoftwareFoundation.Python.3.11_qbz5n2kfra8p0\LocalCache\local-packages\Python311\site-packages\slack_bolt\listener\thread_runner.py", line 120, in run_ack_function_asynchronously
    listener.run_ack_function(request=request, response=response)
  File "C:\Users\tsung\AppData\Local\Packages\PythonSoftwareFoundation.Python.3.11_qbz5n2kfra8p0\LocalCache\local-packages\Python311\site-packages\slack_bolt\listener\custom_listener.py", line 50, in run_ack_function
    return self.ack_function(
           ^^^^^^^^^^^^^^^^^^
  File "C:\Users\tsung\PycharmProjects\1325-signup-\main.py", line 424, in handle_reaction_added
    update_poll_results(channel_id, poll_id, polls)
  File "C:\Users\tsung\PycharmProjects\1325-signup-\main.py", line 234, in update_poll_results
    if user_mentions in result_message:
       ^^^^^^^^^^^^^^^^^^^^^^^^^^^^^^^
TypeError: 'in <string>' requires string as left operand, not list
ERROR:slack_bolt.App:Failed to run listener function (error: 'in <string>' requires string as left operand, not list)
Traceback (most recent call last):
  File "C:\Users\tsung\AppData\Local\Packages\PythonSoftwareFoundation.Python.3.11_qbz5n2kfra8p0\LocalCache\local-packages\Python311\site-packages\slack_bolt\listener\thread_runner.py", line 120, in run_ack_function_asynchronously
    listener.run_ack_function(request=request, response=response)
  File "C:\Users\tsung\AppData\Local\Packages\PythonSoftwareFoundation.Python.3.11_qbz5n2kfra8p0\LocalCache\local-packages\Python311\site-packages\slack_bolt\listener\custom_listener.py", line 50, in run_ack_function
    return self.ack_function(
           ^^^^^^^^^^^^^^^^^^
  File "C:\Users\tsung\PycharmProjects\1325-signup-\main.py", line 424, in handle_reaction_added
    update_poll_results(channel_id, poll_id, polls)
  File "C:\Users\tsung\PycharmProjects\1325-signup-\main.py", line 234, in update_poll_results
    if user_mentions in result_message:
       ^^^^^^^^^^^^^^^^^^^^^^^^^^^^^^^
TypeError: 'in <string>' requires string as left operand, not list
ERROR:slack_bolt.App:Failed to run listener function (error: 'in <string>' requires string as left operand, not list)
Traceback (most recent call last):
  File "C:\Users\tsung\AppData\Local\Packages\PythonSoftwareFoundation.Python.3.11_qbz5n2kfra8p0\LocalCache\local-packages\Python311\site-packages\slack_bolt\listener\thread_runner.py", line 120, in run_ack_function_asynchronously
    listener.run_ack_function(request=request, response=response)
  File "C:\Users\tsung\AppData\Local\Packages\PythonSoftwareFoundation.Python.3.11_qbz5n2kfra8p0\LocalCache\local-packages\Python311\site-packages\slack_bolt\listener\custom_listener.py", line 50, in run_ack_function
    return self.ack_function(
           ^^^^^^^^^^^^^^^^^^
  File "C:\Users\tsung\PycharmProjects\1325-signup-\main.py", line 437, in handle_reaction_removed
    update_poll_results(channel_id, poll_id, polls)
  File "C:\Users\tsung\PycharmProjects\1325-signup-\main.py", line 234, in update_poll_results
    if user_mentions in result_message:
       ^^^^^^^^^^^^^^^^^^^^^^^^^^^^^^^
TypeError: 'in <string>' requires string as left operand, not list
ERROR:slack_bolt.App:Failed to run listener function (error: 'in <string>' requires string as left operand, not list)
Traceback (most recent call last):
  File "C:\Users\tsung\AppData\Local\Packages\PythonSoftwareFoundation.Python.3.11_qbz5n2kfra8p0\LocalCache\local-packages\Python311\site-packages\slack_bolt\listener\thread_runner.py", line 120, in run_ack_function_asynchronously
    listener.run_ack_function(request=request, response=response)
  File "C:\Users\tsung\AppData\Local\Packages\PythonSoftwareFoundation.Python.3.11_qbz5n2kfra8p0\LocalCache\local-packages\Python311\site-packages\slack_bolt\listener\custom_listener.py", line 50, in run_ack_function
    return self.ack_function(
           ^^^^^^^^^^^^^^^^^^
  File "C:\Users\tsung\PycharmProjects\1325-signup-\main.py", line 437, in handle_reaction_removed
    update_poll_results(channel_id, poll_id, polls)
  File "C:\Users\tsung\PycharmProjects\1325-signup-\main.py", line 234, in update_poll_results
    if user_mentions in result_message:
       ^^^^^^^^^^^^^^^^^^^^^^^^^^^^^^^
TypeError: 'in <string>' requires string as left operand, not list
ERROR:slack_bolt.App:Failed to run listener function (error: 'in <string>' requires string as left operand, not list)
Traceback (most recent call last):
  File "C:\Users\tsung\AppData\Local\Packages\PythonSoftwareFoundation.Python.3.11_qbz5n2kfra8p0\LocalCache\local-packages\Python311\site-packages\slack_bolt\listener\thread_runner.py", line 120, in run_ack_function_asynchronously
    listener.run_ack_function(request=request, response=response)
  File "C:\Users\tsung\AppData\Local\Packages\PythonSoftwareFoundation.Python.3.11_qbz5n2kfra8p0\LocalCache\local-packages\Python311\site-packages\slack_bolt\listener\custom_listener.py", line 50, in run_ack_function
    return self.ack_function(
           ^^^^^^^^^^^^^^^^^^
  File "C:\Users\tsung\PycharmProjects\1325-signup-\main.py", line 424, in handle_reaction_added
    update_poll_results(channel_id, poll_id, polls)
  File "C:\Users\tsung\PycharmProjects\1325-signup-\main.py", line 234, in update_poll_results
    if user_mentions in result_message:
       ^^^^^^^^^^^^^^^^^^^^^^^^^^^^^^^
TypeError: 'in <string>' requires string as left operand, not list
ERROR:slack_bolt.App:Failed to run listener function (error: 'in <string>' requires string as left operand, not list)
Traceback (most recent call last):
  File "C:\Users\tsung\AppData\Local\Packages\PythonSoftwareFoundation.Python.3.11_qbz5n2kfra8p0\LocalCache\local-packages\Python311\site-packages\slack_bolt\listener\thread_runner.py", line 120, in run_ack_function_asynchronously
    listener.run_ack_function(request=request, response=response)
  File "C:\Users\tsung\AppData\Local\Packages\PythonSoftwareFoundation.Python.3.11_qbz5n2kfra8p0\LocalCache\local-packages\Python311\site-packages\slack_bolt\listener\custom_listener.py", line 50, in run_ack_function
    return self.ack_function(
           ^^^^^^^^^^^^^^^^^^
  File "C:\Users\tsung\PycharmProjects\1325-signup-\main.py", line 437, in handle_reaction_removed
    update_poll_results(channel_id, poll_id, polls)
  File "C:\Users\tsung\PycharmProjects\1325-signup-\main.py", line 234, in update_poll_results
    if user_mentions in result_message:
       ^^^^^^^^^^^^^^^^^^^^^^^^^^^^^^^
TypeError: 'in <string>' requires string as left operand, not list
ERROR:slack_bolt.App:Failed to run listener function (error: 'in <string>' requires string as left operand, not list)
Traceback (most recent call last):
  File "C:\Users\tsung\AppData\Local\Packages\PythonSoftwareFoundation.Python.3.11_qbz5n2kfra8p0\LocalCache\local-packages\Python311\site-packages\slack_bolt\listener\thread_runner.py", line 120, in run_ack_function_asynchronously
    listener.run_ack_function(request=request, response=response)
  File "C:\Users\tsung\AppData\Local\Packages\PythonSoftwareFoundation.Python.3.11_qbz5n2kfra8p0\LocalCache\local-packages\Python311\site-packages\slack_bolt\listener\custom_listener.py", line 50, in run_ack_function
    return self.ack_function(
           ^^^^^^^^^^^^^^^^^^
  File "C:\Users\tsung\PycharmProjects\1325-signup-\main.py", line 424, in handle_reaction_added
    update_poll_results(channel_id, poll_id, polls)
  File "C:\Users\tsung\PycharmProjects\1325-signup-\main.py", line 234, in update_poll_results
    if user_mentions in result_message:
       ^^^^^^^^^^^^^^^^^^^^^^^^^^^^^^^
TypeError: 'in <string>' requires string as left operand, not list
ERROR:slack_bolt.App:Failed to run listener function (error: 'in <string>' requires string as left operand, not list)
Traceback (most recent call last):
  File "C:\Users\tsung\AppData\Local\Packages\PythonSoftwareFoundation.Python.3.11_qbz5n2kfra8p0\LocalCache\local-packages\Python311\site-packages\slack_bolt\listener\thread_runner.py", line 120, in run_ack_function_asynchronously
    listener.run_ack_function(request=request, response=response)
  File "C:\Users\tsung\AppData\Local\Packages\PythonSoftwareFoundation.Python.3.11_qbz5n2kfra8p0\LocalCache\local-packages\Python311\site-packages\slack_bolt\listener\custom_listener.py", line 50, in run_ack_function
    return self.ack_function(
           ^^^^^^^^^^^^^^^^^^
  File "C:\Users\tsung\PycharmProjects\1325-signup-\main.py", line 437, in handle_reaction_removed
    update_poll_results(channel_id, poll_id, polls)
  File "C:\Users\tsung\PycharmProjects\1325-signup-\main.py", line 234, in update_poll_results
    if user_mentions in result_message:
       ^^^^^^^^^^^^^^^^^^^^^^^^^^^^^^^
TypeError: 'in <string>' requires string as left operand, not list
ERROR:slack_bolt.App:Failed to run listener function (error: 'in <string>' requires string as left operand, not list)
Traceback (most recent call last):
  File "C:\Users\tsung\AppData\Local\Packages\PythonSoftwareFoundation.Python.3.11_qbz5n2kfra8p0\LocalCache\local-packages\Python311\site-packages\slack_bolt\listener\thread_runner.py", line 120, in run_ack_function_asynchronously
    listener.run_ack_function(request=request, response=response)
  File "C:\Users\tsung\AppData\Local\Packages\PythonSoftwareFoundation.Python.3.11_qbz5n2kfra8p0\LocalCache\local-packages\Python311\site-packages\slack_bolt\listener\custom_listener.py", line 50, in run_ack_function
    return self.ack_function(
           ^^^^^^^^^^^^^^^^^^
  File "C:\Users\tsung\PycharmProjects\1325-signup-\main.py", line 437, in handle_reaction_removed
    update_poll_results(channel_id, poll_id, polls)
  File "C:\Users\tsung\PycharmProjects\1325-signup-\main.py", line 234, in update_poll_results
    if user_mentions in result_message:
       ^^^^^^^^^^^^^^^^^^^^^^^^^^^^^^^
TypeError: 'in <string>' requires string as left operand, not list
ERROR:slack_bolt.App:Failed to run listener function (error: 'in <string>' requires string as left operand, not list)
Traceback (most recent call last):
  File "C:\Users\tsung\AppData\Local\Packages\PythonSoftwareFoundation.Python.3.11_qbz5n2kfra8p0\LocalCache\local-packages\Python311\site-packages\slack_bolt\listener\thread_runner.py", line 120, in run_ack_function_asynchronously
    listener.run_ack_function(request=request, response=response)
  File "C:\Users\tsung\AppData\Local\Packages\PythonSoftwareFoundation.Python.3.11_qbz5n2kfra8p0\LocalCache\local-packages\Python311\site-packages\slack_bolt\listener\custom_listener.py", line 50, in run_ack_function
    return self.ack_function(
           ^^^^^^^^^^^^^^^^^^
  File "C:\Users\tsung\PycharmProjects\1325-signup-\main.py", line 437, in handle_reaction_removed
    update_poll_results(channel_id, poll_id, polls)
  File "C:\Users\tsung\PycharmProjects\1325-signup-\main.py", line 234, in update_poll_results
    if user_mentions in result_message:
       ^^^^^^^^^^^^^^^^^^^^^^^^^^^^^^^
TypeError: 'in <string>' requires string as left operand, not list
ERROR:slack_bolt.App:Failed to run listener function (error: 'in <string>' requires string as left operand, not list)
Traceback (most recent call last):
  File "C:\Users\tsung\AppData\Local\Packages\PythonSoftwareFoundation.Python.3.11_qbz5n2kfra8p0\LocalCache\local-packages\Python311\site-packages\slack_bolt\listener\thread_runner.py", line 120, in run_ack_function_asynchronously
    listener.run_ack_function(request=request, response=response)
  File "C:\Users\tsung\AppData\Local\Packages\PythonSoftwareFoundation.Python.3.11_qbz5n2kfra8p0\LocalCache\local-packages\Python311\site-packages\slack_bolt\listener\custom_listener.py", line 50, in run_ack_function
    return self.ack_function(
           ^^^^^^^^^^^^^^^^^^
  File "C:\Users\tsung\PycharmProjects\1325-signup-\main.py", line 424, in handle_reaction_added
    update_poll_results(channel_id, poll_id, polls)
  File "C:\Users\tsung\PycharmProjects\1325-signup-\main.py", line 234, in update_poll_results
    if user_mentions in result_message:
       ^^^^^^^^^^^^^^^^^^^^^^^^^^^^^^^
TypeError: 'in <string>' requires string as left operand, not list
ERROR:slack_bolt.App:Failed to run listener function (error: 'in <string>' requires string as left operand, not list)
Traceback (most recent call last):
  File "C:\Users\tsung\AppData\Local\Packages\PythonSoftwareFoundation.Python.3.11_qbz5n2kfra8p0\LocalCache\local-packages\Python311\site-packages\slack_bolt\listener\thread_runner.py", line 120, in run_ack_function_asynchronously
    listener.run_ack_function(request=request, response=response)
  File "C:\Users\tsung\AppData\Local\Packages\PythonSoftwareFoundation.Python.3.11_qbz5n2kfra8p0\LocalCache\local-packages\Python311\site-packages\slack_bolt\listener\custom_listener.py", line 50, in run_ack_function
    return self.ack_function(
           ^^^^^^^^^^^^^^^^^^
  File "C:\Users\tsung\PycharmProjects\1325-signup-\main.py", line 424, in handle_reaction_added
    update_poll_results(channel_id, poll_id, polls)
  File "C:\Users\tsung\PycharmProjects\1325-signup-\main.py", line 234, in update_poll_results
    if user_mentions in result_message:
       ^^^^^^^^^^^^^^^^^^^^^^^^^^^^^^^
TypeError: 'in <string>' requires string as left operand, not list
ERROR:slack_bolt.App:Failed to run listener function (error: 'in <string>' requires string as left operand, not list)
Traceback (most recent call last):
  File "C:\Users\tsung\AppData\Local\Packages\PythonSoftwareFoundation.Python.3.11_qbz5n2kfra8p0\LocalCache\local-packages\Python311\site-packages\slack_bolt\listener\thread_runner.py", line 120, in run_ack_function_asynchronously
    listener.run_ack_function(request=request, response=response)
  File "C:\Users\tsung\AppData\Local\Packages\PythonSoftwareFoundation.Python.3.11_qbz5n2kfra8p0\LocalCache\local-packages\Python311\site-packages\slack_bolt\listener\custom_listener.py", line 50, in run_ack_function
    return self.ack_function(
           ^^^^^^^^^^^^^^^^^^
  File "C:\Users\tsung\PycharmProjects\1325-signup-\main.py", line 424, in handle_reaction_added
    update_poll_results(channel_id, poll_id, polls)
  File "C:\Users\tsung\PycharmProjects\1325-signup-\main.py", line 234, in update_poll_results
    if user_mentions in result_message:
       ^^^^^^^^^^^^^^^^^^^^^^^^^^^^^^^
TypeError: 'in <string>' requires string as left operand, not list
ERROR:slack_bolt.App:Failed to run listener function (error: 'in <string>' requires string as left operand, not list)
Traceback (most recent call last):
  File "C:\Users\tsung\AppData\Local\Packages\PythonSoftwareFoundation.Python.3.11_qbz5n2kfra8p0\LocalCache\local-packages\Python311\site-packages\slack_bolt\listener\thread_runner.py", line 120, in run_ack_function_asynchronously
    listener.run_ack_function(request=request, response=response)
  File "C:\Users\tsung\AppData\Local\Packages\PythonSoftwareFoundation.Python.3.11_qbz5n2kfra8p0\LocalCache\local-packages\Python311\site-packages\slack_bolt\listener\custom_listener.py", line 50, in run_ack_function
    return self.ack_function(
           ^^^^^^^^^^^^^^^^^^
  File "C:\Users\tsung\PycharmProjects\1325-signup-\main.py", line 424, in handle_reaction_added
    update_poll_results(channel_id, poll_id, polls)
  File "C:\Users\tsung\PycharmProjects\1325-signup-\main.py", line 234, in update_poll_results
    if user_mentions in result_message:
       ^^^^^^^^^^^^^^^^^^^^^^^^^^^^^^^
TypeError: 'in <string>' requires string as left operand, not list
ERROR:slack_bolt.App:Failed to run listener function (error: 'in <string>' requires string as left operand, not list)
Traceback (most recent call last):
  File "C:\Users\tsung\AppData\Local\Packages\PythonSoftwareFoundation.Python.3.11_qbz5n2kfra8p0\LocalCache\local-packages\Python311\site-packages\slack_bolt\listener\thread_runner.py", line 120, in run_ack_function_asynchronously
    listener.run_ack_function(request=request, response=response)
  File "C:\Users\tsung\AppData\Local\Packages\PythonSoftwareFoundation.Python.3.11_qbz5n2kfra8p0\LocalCache\local-packages\Python311\site-packages\slack_bolt\listener\custom_listener.py", line 50, in run_ack_function
    return self.ack_function(
           ^^^^^^^^^^^^^^^^^^
  File "C:\Users\tsung\PycharmProjects\1325-signup-\main.py", line 437, in handle_reaction_removed
    update_poll_results(channel_id, poll_id, polls)
  File "C:\Users\tsung\PycharmProjects\1325-signup-\main.py", line 234, in update_poll_results
    if user_mentions in result_message:
       ^^^^^^^^^^^^^^^^^^^^^^^^^^^^^^^
TypeError: 'in <string>' requires string as left operand, not list
ERROR:slack_bolt.App:Failed to run listener function (error: 'in <string>' requires string as left operand, not list)
Traceback (most recent call last):
  File "C:\Users\tsung\AppData\Local\Packages\PythonSoftwareFoundation.Python.3.11_qbz5n2kfra8p0\LocalCache\local-packages\Python311\site-packages\slack_bolt\listener\thread_runner.py", line 120, in run_ack_function_asynchronously
    listener.run_ack_function(request=request, response=response)
  File "C:\Users\tsung\AppData\Local\Packages\PythonSoftwareFoundation.Python.3.11_qbz5n2kfra8p0\LocalCache\local-packages\Python311\site-packages\slack_bolt\listener\custom_listener.py", line 50, in run_ack_function
    return self.ack_function(
           ^^^^^^^^^^^^^^^^^^
  File "C:\Users\tsung\PycharmProjects\1325-signup-\main.py", line 437, in handle_reaction_removed
    update_poll_results(channel_id, poll_id, polls)
  File "C:\Users\tsung\PycharmProjects\1325-signup-\main.py", line 234, in update_poll_results
    if user_mentions in result_message:
       ^^^^^^^^^^^^^^^^^^^^^^^^^^^^^^^
TypeError: 'in <string>' requires string as left operand, not list
ERROR:slack_bolt.App:Failed to run listener function (error: 'in <string>' requires string as left operand, not list)
Traceback (most recent call last):
  File "C:\Users\tsung\AppData\Local\Packages\PythonSoftwareFoundation.Python.3.11_qbz5n2kfra8p0\LocalCache\local-packages\Python311\site-packages\slack_bolt\listener\thread_runner.py", line 120, in run_ack_function_asynchronously
    listener.run_ack_function(request=request, response=response)
  File "C:\Users\tsung\AppData\Local\Packages\PythonSoftwareFoundation.Python.3.11_qbz5n2kfra8p0\LocalCache\local-packages\Python311\site-packages\slack_bolt\listener\custom_listener.py", line 50, in run_ack_function
    return self.ack_function(
           ^^^^^^^^^^^^^^^^^^
  File "C:\Users\tsung\PycharmProjects\1325-signup-\main.py", line 437, in handle_reaction_removed
    update_poll_results(channel_id, poll_id, polls)
  File "C:\Users\tsung\PycharmProjects\1325-signup-\main.py", line 234, in update_poll_results
    if user_mentions in result_message:
       ^^^^^^^^^^^^^^^^^^^^^^^^^^^^^^^
TypeError: 'in <string>' requires string as left operand, not list
ERROR:slack_bolt.App:Failed to run listener function (error: 'in <string>' requires string as left operand, not list)
Traceback (most recent call last):
  File "C:\Users\tsung\AppData\Local\Packages\PythonSoftwareFoundation.Python.3.11_qbz5n2kfra8p0\LocalCache\local-packages\Python311\site-packages\slack_bolt\listener\thread_runner.py", line 120, in run_ack_function_asynchronously
    listener.run_ack_function(request=request, response=response)
  File "C:\Users\tsung\AppData\Local\Packages\PythonSoftwareFoundation.Python.3.11_qbz5n2kfra8p0\LocalCache\local-packages\Python311\site-packages\slack_bolt\listener\custom_listener.py", line 50, in run_ack_function
    return self.ack_function(
           ^^^^^^^^^^^^^^^^^^
  File "C:\Users\tsung\PycharmProjects\1325-signup-\main.py", line 424, in handle_reaction_added
    update_poll_results(channel_id, poll_id, polls)
  File "C:\Users\tsung\PycharmProjects\1325-signup-\main.py", line 234, in update_poll_results
    if user_mentions in result_message:
       ^^^^^^^^^^^^^^^^^^^^^^^^^^^^^^^
TypeError: 'in <string>' requires string as left operand, not list
ERROR:slack_bolt.App:Failed to run listener function (error: 'in <string>' requires string as left operand, not list)
Traceback (most recent call last):
  File "C:\Users\tsung\AppData\Local\Packages\PythonSoftwareFoundation.Python.3.11_qbz5n2kfra8p0\LocalCache\local-packages\Python311\site-packages\slack_bolt\listener\thread_runner.py", line 120, in run_ack_function_asynchronously
    listener.run_ack_function(request=request, response=response)
  File "C:\Users\tsung\AppData\Local\Packages\PythonSoftwareFoundation.Python.3.11_qbz5n2kfra8p0\LocalCache\local-packages\Python311\site-packages\slack_bolt\listener\custom_listener.py", line 50, in run_ack_function
    return self.ack_function(
           ^^^^^^^^^^^^^^^^^^
  File "C:\Users\tsung\PycharmProjects\1325-signup-\main.py", line 424, in handle_reaction_added
    update_poll_results(channel_id, poll_id, polls)
  File "C:\Users\tsung\PycharmProjects\1325-signup-\main.py", line 234, in update_poll_results
    if user_mentions in result_message:
       ^^^^^^^^^^^^^^^^^^^^^^^^^^^^^^^
TypeError: 'in <string>' requires string as left operand, not list
ERROR:slack_bolt.App:Failed to run listener function (error: 'in <string>' requires string as left operand, not list)
Traceback (most recent call last):
  File "C:\Users\tsung\AppData\Local\Packages\PythonSoftwareFoundation.Python.3.11_qbz5n2kfra8p0\LocalCache\local-packages\Python311\site-packages\slack_bolt\listener\thread_runner.py", line 120, in run_ack_function_asynchronously
    listener.run_ack_function(request=request, response=response)
  File "C:\Users\tsung\AppData\Local\Packages\PythonSoftwareFoundation.Python.3.11_qbz5n2kfra8p0\LocalCache\local-packages\Python311\site-packages\slack_bolt\listener\custom_listener.py", line 50, in run_ack_function
    return self.ack_function(
           ^^^^^^^^^^^^^^^^^^
  File "C:\Users\tsung\PycharmProjects\1325-signup-\main.py", line 437, in handle_reaction_removed
    update_poll_results(channel_id, poll_id, polls)
  File "C:\Users\tsung\PycharmProjects\1325-signup-\main.py", line 234, in update_poll_results
    if user_mentions in result_message:
       ^^^^^^^^^^^^^^^^^^^^^^^^^^^^^^^
TypeError: 'in <string>' requires string as left operand, not list
ERROR:slack_bolt.App:Failed to run listener function (error: 'in <string>' requires string as left operand, not list)
Traceback (most recent call last):
  File "C:\Users\tsung\AppData\Local\Packages\PythonSoftwareFoundation.Python.3.11_qbz5n2kfra8p0\LocalCache\local-packages\Python311\site-packages\slack_bolt\listener\thread_runner.py", line 120, in run_ack_function_asynchronously
    listener.run_ack_function(request=request, response=response)
  File "C:\Users\tsung\AppData\Local\Packages\PythonSoftwareFoundation.Python.3.11_qbz5n2kfra8p0\LocalCache\local-packages\Python311\site-packages\slack_bolt\listener\custom_listener.py", line 50, in run_ack_function
    return self.ack_function(
           ^^^^^^^^^^^^^^^^^^
  File "C:\Users\tsung\PycharmProjects\1325-signup-\main.py", line 437, in handle_reaction_removed
    update_poll_results(channel_id, poll_id, polls)
  File "C:\Users\tsung\PycharmProjects\1325-signup-\main.py", line 234, in update_poll_results
    if user_mentions in result_message:
       ^^^^^^^^^^^^^^^^^^^^^^^^^^^^^^^
TypeError: 'in <string>' requires string as left operand, not list
ERROR:slack_bolt.App:Failed to run listener function (error: 'in <string>' requires string as left operand, not list)
Traceback (most recent call last):
  File "C:\Users\tsung\AppData\Local\Packages\PythonSoftwareFoundation.Python.3.11_qbz5n2kfra8p0\LocalCache\local-packages\Python311\site-packages\slack_bolt\listener\thread_runner.py", line 120, in run_ack_function_asynchronously
    listener.run_ack_function(request=request, response=response)
  File "C:\Users\tsung\AppData\Local\Packages\PythonSoftwareFoundation.Python.3.11_qbz5n2kfra8p0\LocalCache\local-packages\Python311\site-packages\slack_bolt\listener\custom_listener.py", line 50, in run_ack_function
    return self.ack_function(
           ^^^^^^^^^^^^^^^^^^
  File "C:\Users\tsung\PycharmProjects\1325-signup-\main.py", line 424, in handle_reaction_added
    update_poll_results(channel_id, poll_id, polls)
  File "C:\Users\tsung\PycharmProjects\1325-signup-\main.py", line 234, in update_poll_results
    if user_mentions in result_message:
       ^^^^^^^^^^^^^^^^^^^^^^^^^^^^^^^
TypeError: 'in <string>' requires string as left operand, not list
ERROR:slack_bolt.App:Failed to run listener function (error: 'in <string>' requires string as left operand, not list)
Traceback (most recent call last):
  File "C:\Users\tsung\AppData\Local\Packages\PythonSoftwareFoundation.Python.3.11_qbz5n2kfra8p0\LocalCache\local-packages\Python311\site-packages\slack_bolt\listener\thread_runner.py", line 120, in run_ack_function_asynchronously
    listener.run_ack_function(request=request, response=response)
  File "C:\Users\tsung\AppData\Local\Packages\PythonSoftwareFoundation.Python.3.11_qbz5n2kfra8p0\LocalCache\local-packages\Python311\site-packages\slack_bolt\listener\custom_listener.py", line 50, in run_ack_function
    return self.ack_function(
           ^^^^^^^^^^^^^^^^^^
  File "C:\Users\tsung\PycharmProjects\1325-signup-\main.py", line 424, in handle_reaction_added
    update_poll_results(channel_id, poll_id, polls)
  File "C:\Users\tsung\PycharmProjects\1325-signup-\main.py", line 234, in update_poll_results
    if user_mentions in result_message:
       ^^^^^^^^^^^^^^^^^^^^^^^^^^^^^^^
TypeError: 'in <string>' requires string as left operand, not list
ERROR:slack_bolt.App:Failed to run listener function (error: 'in <string>' requires string as left operand, not list)
Traceback (most recent call last):
  File "C:\Users\tsung\AppData\Local\Packages\PythonSoftwareFoundation.Python.3.11_qbz5n2kfra8p0\LocalCache\local-packages\Python311\site-packages\slack_bolt\listener\thread_runner.py", line 120, in run_ack_function_asynchronously
    listener.run_ack_function(request=request, response=response)
  File "C:\Users\tsung\AppData\Local\Packages\PythonSoftwareFoundation.Python.3.11_qbz5n2kfra8p0\LocalCache\local-packages\Python311\site-packages\slack_bolt\listener\custom_listener.py", line 50, in run_ack_function
    return self.ack_function(
           ^^^^^^^^^^^^^^^^^^
  File "C:\Users\tsung\PycharmProjects\1325-signup-\main.py", line 424, in handle_reaction_added
    update_poll_results(channel_id, poll_id, polls)
  File "C:\Users\tsung\PycharmProjects\1325-signup-\main.py", line 234, in update_poll_results
    if user_mentions in result_message:
       ^^^^^^^^^^^^^^^^^^^^^^^^^^^^^^^
TypeError: 'in <string>' requires string as left operand, not list
ERROR:slack_bolt.App:Failed to run listener function (error: 'in <string>' requires string as left operand, not list)
Traceback (most recent call last):
  File "C:\Users\tsung\AppData\Local\Packages\PythonSoftwareFoundation.Python.3.11_qbz5n2kfra8p0\LocalCache\local-packages\Python311\site-packages\slack_bolt\listener\thread_runner.py", line 120, in run_ack_function_asynchronously
    listener.run_ack_function(request=request, response=response)
  File "C:\Users\tsung\AppData\Local\Packages\PythonSoftwareFoundation.Python.3.11_qbz5n2kfra8p0\LocalCache\local-packages\Python311\site-packages\slack_bolt\listener\custom_listener.py", line 50, in run_ack_function
    return self.ack_function(
           ^^^^^^^^^^^^^^^^^^
  File "C:\Users\tsung\PycharmProjects\1325-signup-\main.py", line 437, in handle_reaction_removed
    update_poll_results(channel_id, poll_id, polls)
  File "C:\Users\tsung\PycharmProjects\1325-signup-\main.py", line 234, in update_poll_results
    if user_mentions in result_message:
       ^^^^^^^^^^^^^^^^^^^^^^^^^^^^^^^
TypeError: 'in <string>' requires string as left operand, not list
ERROR:slack_bolt.App:Failed to run listener function (error: 'in <string>' requires string as left operand, not list)
Traceback (most recent call last):
  File "C:\Users\tsung\AppData\Local\Packages\PythonSoftwareFoundation.Python.3.11_qbz5n2kfra8p0\LocalCache\local-packages\Python311\site-packages\slack_bolt\listener\thread_runner.py", line 120, in run_ack_function_asynchronously
    listener.run_ack_function(request=request, response=response)
  File "C:\Users\tsung\AppData\Local\Packages\PythonSoftwareFoundation.Python.3.11_qbz5n2kfra8p0\LocalCache\local-packages\Python311\site-packages\slack_bolt\listener\custom_listener.py", line 50, in run_ack_function
    return self.ack_function(
           ^^^^^^^^^^^^^^^^^^
  File "C:\Users\tsung\PycharmProjects\1325-signup-\main.py", line 437, in handle_reaction_removed
    update_poll_results(channel_id, poll_id, polls)
  File "C:\Users\tsung\PycharmProjects\1325-signup-\main.py", line 234, in update_poll_results
    if user_mentions in result_message:
       ^^^^^^^^^^^^^^^^^^^^^^^^^^^^^^^
TypeError: 'in <string>' requires string as left operand, not list
ERROR:slack_bolt.App:Failed to run listener function (error: 'in <string>' requires string as left operand, not list)
Traceback (most recent call last):
  File "C:\Users\tsung\AppData\Local\Packages\PythonSoftwareFoundation.Python.3.11_qbz5n2kfra8p0\LocalCache\local-packages\Python311\site-packages\slack_bolt\listener\thread_runner.py", line 120, in run_ack_function_asynchronously
    listener.run_ack_function(request=request, response=response)
  File "C:\Users\tsung\AppData\Local\Packages\PythonSoftwareFoundation.Python.3.11_qbz5n2kfra8p0\LocalCache\local-packages\Python311\site-packages\slack_bolt\listener\custom_listener.py", line 50, in run_ack_function
    return self.ack_function(
           ^^^^^^^^^^^^^^^^^^
  File "C:\Users\tsung\PycharmProjects\1325-signup-\main.py", line 437, in handle_reaction_removed
    update_poll_results(channel_id, poll_id, polls)
  File "C:\Users\tsung\PycharmProjects\1325-signup-\main.py", line 234, in update_poll_results
    if user_mentions in result_message:
       ^^^^^^^^^^^^^^^^^^^^^^^^^^^^^^^
TypeError: 'in <string>' requires string as left operand, not list
ERROR:slack_bolt.App:Failed to run listener function (error: 'in <string>' requires string as left operand, not list)
Traceback (most recent call last):
  File "C:\Users\tsung\AppData\Local\Packages\PythonSoftwareFoundation.Python.3.11_qbz5n2kfra8p0\LocalCache\local-packages\Python311\site-packages\slack_bolt\listener\thread_runner.py", line 120, in run_ack_function_asynchronously
    listener.run_ack_function(request=request, response=response)
  File "C:\Users\tsung\AppData\Local\Packages\PythonSoftwareFoundation.Python.3.11_qbz5n2kfra8p0\LocalCache\local-packages\Python311\site-packages\slack_bolt\listener\custom_listener.py", line 50, in run_ack_function
    return self.ack_function(
           ^^^^^^^^^^^^^^^^^^
  File "C:\Users\tsung\PycharmProjects\1325-signup-\main.py", line 424, in handle_reaction_added
    update_poll_results(channel_id, poll_id, polls)
  File "C:\Users\tsung\PycharmProjects\1325-signup-\main.py", line 234, in update_poll_results
    if user_mentions in result_message:
       ^^^^^^^^^^^^^^^^^^^^^^^^^^^^^^^
TypeError: 'in <string>' requires string as left operand, not list
ERROR:slack_bolt.App:Failed to run listener function (error: 'in <string>' requires string as left operand, not list)
Traceback (most recent call last):
  File "C:\Users\tsung\AppData\Local\Packages\PythonSoftwareFoundation.Python.3.11_qbz5n2kfra8p0\LocalCache\local-packages\Python311\site-packages\slack_bolt\listener\thread_runner.py", line 120, in run_ack_function_asynchronously
    listener.run_ack_function(request=request, response=response)
  File "C:\Users\tsung\AppData\Local\Packages\PythonSoftwareFoundation.Python.3.11_qbz5n2kfra8p0\LocalCache\local-packages\Python311\site-packages\slack_bolt\listener\custom_listener.py", line 50, in run_ack_function
    return self.ack_function(
           ^^^^^^^^^^^^^^^^^^
  File "C:\Users\tsung\PycharmProjects\1325-signup-\main.py", line 424, in handle_reaction_added
    update_poll_results(channel_id, poll_id, polls)
  File "C:\Users\tsung\PycharmProjects\1325-signup-\main.py", line 234, in update_poll_results
    if user_mentions in result_message:
       ^^^^^^^^^^^^^^^^^^^^^^^^^^^^^^^
TypeError: 'in <string>' requires string as left operand, not list
ERROR:slack_bolt.App:Failed to run listener function (error: 'in <string>' requires string as left operand, not list)
Traceback (most recent call last):
  File "C:\Users\tsung\AppData\Local\Packages\PythonSoftwareFoundation.Python.3.11_qbz5n2kfra8p0\LocalCache\local-packages\Python311\site-packages\slack_bolt\listener\thread_runner.py", line 120, in run_ack_function_asynchronously
    listener.run_ack_function(request=request, response=response)
  File "C:\Users\tsung\AppData\Local\Packages\PythonSoftwareFoundation.Python.3.11_qbz5n2kfra8p0\LocalCache\local-packages\Python311\site-packages\slack_bolt\listener\custom_listener.py", line 50, in run_ack_function
    return self.ack_function(
           ^^^^^^^^^^^^^^^^^^
  File "C:\Users\tsung\PycharmProjects\1325-signup-\main.py", line 437, in handle_reaction_removed
    update_poll_results(channel_id, poll_id, polls)
  File "C:\Users\tsung\PycharmProjects\1325-signup-\main.py", line 234, in update_poll_results
    if user_mentions in result_message:
       ^^^^^^^^^^^^^^^^^^^^^^^^^^^^^^^
TypeError: 'in <string>' requires string as left operand, not list
ERROR:slack_bolt.App:Failed to run listener function (error: 'in <string>' requires string as left operand, not list)
Traceback (most recent call last):
  File "C:\Users\tsung\AppData\Local\Packages\PythonSoftwareFoundation.Python.3.11_qbz5n2kfra8p0\LocalCache\local-packages\Python311\site-packages\slack_bolt\listener\thread_runner.py", line 120, in run_ack_function_asynchronously
    listener.run_ack_function(request=request, response=response)
  File "C:\Users\tsung\AppData\Local\Packages\PythonSoftwareFoundation.Python.3.11_qbz5n2kfra8p0\LocalCache\local-packages\Python311\site-packages\slack_bolt\listener\custom_listener.py", line 50, in run_ack_function
    return self.ack_function(
           ^^^^^^^^^^^^^^^^^^
  File "C:\Users\tsung\PycharmProjects\1325-signup-\main.py", line 424, in handle_reaction_added
    update_poll_results(channel_id, poll_id, polls)
  File "C:\Users\tsung\PycharmProjects\1325-signup-\main.py", line 234, in update_poll_results
    if user_mentions in result_message:
       ^^^^^^^^^^^^^^^^^^^^^^^^^^^^^^^
TypeError: 'in <string>' requires string as left operand, not list
ERROR:slack_bolt.App:Failed to run listener function (error: 'in <string>' requires string as left operand, not list)
Traceback (most recent call last):
  File "C:\Users\tsung\AppData\Local\Packages\PythonSoftwareFoundation.Python.3.11_qbz5n2kfra8p0\LocalCache\local-packages\Python311\site-packages\slack_bolt\listener\thread_runner.py", line 120, in run_ack_function_asynchronously
    listener.run_ack_function(request=request, response=response)
  File "C:\Users\tsung\AppData\Local\Packages\PythonSoftwareFoundation.Python.3.11_qbz5n2kfra8p0\LocalCache\local-packages\Python311\site-packages\slack_bolt\listener\custom_listener.py", line 50, in run_ack_function
    return self.ack_function(
           ^^^^^^^^^^^^^^^^^^
  File "C:\Users\tsung\PycharmProjects\1325-signup-\main.py", line 437, in handle_reaction_removed
    update_poll_results(channel_id, poll_id, polls)
  File "C:\Users\tsung\PycharmProjects\1325-signup-\main.py", line 234, in update_poll_results
    if user_mentions in result_message:
       ^^^^^^^^^^^^^^^^^^^^^^^^^^^^^^^
TypeError: 'in <string>' requires string as left operand, not list
ERROR:slack_bolt.App:Failed to run listener function (error: 'in <string>' requires string as left operand, not list)
Traceback (most recent call last):
  File "C:\Users\tsung\AppData\Local\Packages\PythonSoftwareFoundation.Python.3.11_qbz5n2kfra8p0\LocalCache\local-packages\Python311\site-packages\slack_bolt\listener\thread_runner.py", line 120, in run_ack_function_asynchronously
    listener.run_ack_function(request=request, response=response)
  File "C:\Users\tsung\AppData\Local\Packages\PythonSoftwareFoundation.Python.3.11_qbz5n2kfra8p0\LocalCache\local-packages\Python311\site-packages\slack_bolt\listener\custom_listener.py", line 50, in run_ack_function
    return self.ack_function(
           ^^^^^^^^^^^^^^^^^^
  File "C:\Users\tsung\PycharmProjects\1325-signup-\main.py", line 424, in handle_reaction_added
    update_poll_results(channel_id, poll_id, polls)
  File "C:\Users\tsung\PycharmProjects\1325-signup-\main.py", line 234, in update_poll_results
    if user_mentions in result_message:
       ^^^^^^^^^^^^^^^^^^^^^^^^^^^^^^^
TypeError: 'in <string>' requires string as left operand, not list
ERROR:slack_bolt.App:Failed to run listener function (error: 'in <string>' requires string as left operand, not list)
Traceback (most recent call last):
  File "C:\Users\tsung\AppData\Local\Packages\PythonSoftwareFoundation.Python.3.11_qbz5n2kfra8p0\LocalCache\local-packages\Python311\site-packages\slack_bolt\listener\thread_runner.py", line 120, in run_ack_function_asynchronously
    listener.run_ack_function(request=request, response=response)
  File "C:\Users\tsung\AppData\Local\Packages\PythonSoftwareFoundation.Python.3.11_qbz5n2kfra8p0\LocalCache\local-packages\Python311\site-packages\slack_bolt\listener\custom_listener.py", line 50, in run_ack_function
    return self.ack_function(
           ^^^^^^^^^^^^^^^^^^
  File "C:\Users\tsung\PycharmProjects\1325-signup-\main.py", line 437, in handle_reaction_removed
    update_poll_results(channel_id, poll_id, polls)
  File "C:\Users\tsung\PycharmProjects\1325-signup-\main.py", line 234, in update_poll_results
    if user_mentions in result_message:
       ^^^^^^^^^^^^^^^^^^^^^^^^^^^^^^^
TypeError: 'in <string>' requires string as left operand, not list
ERROR:slack_bolt.App:Failed to run listener function (error: 'in <string>' requires string as left operand, not list)
Traceback (most recent call last):
  File "C:\Users\tsung\AppData\Local\Packages\PythonSoftwareFoundation.Python.3.11_qbz5n2kfra8p0\LocalCache\local-packages\Python311\site-packages\slack_bolt\listener\thread_runner.py", line 120, in run_ack_function_asynchronously
    listener.run_ack_function(request=request, response=response)
  File "C:\Users\tsung\AppData\Local\Packages\PythonSoftwareFoundation.Python.3.11_qbz5n2kfra8p0\LocalCache\local-packages\Python311\site-packages\slack_bolt\listener\custom_listener.py", line 50, in run_ack_function
    return self.ack_function(
           ^^^^^^^^^^^^^^^^^^
  File "C:\Users\tsung\PycharmProjects\1325-signup-\main.py", line 424, in handle_reaction_added
    update_poll_results(channel_id, poll_id, polls)
  File "C:\Users\tsung\PycharmProjects\1325-signup-\main.py", line 234, in update_poll_results
    if user_mentions in result_message:
       ^^^^^^^^^^^^^^^^^^^^^^^^^^^^^^^
TypeError: 'in <string>' requires string as left operand, not list
ERROR:slack_bolt.App:Failed to run listener function (error: 'in <string>' requires string as left operand, not list)
Traceback (most recent call last):
  File "C:\Users\tsung\AppData\Local\Packages\PythonSoftwareFoundation.Python.3.11_qbz5n2kfra8p0\LocalCache\local-packages\Python311\site-packages\slack_bolt\listener\thread_runner.py", line 120, in run_ack_function_asynchronously
    listener.run_ack_function(request=request, response=response)
  File "C:\Users\tsung\AppData\Local\Packages\PythonSoftwareFoundation.Python.3.11_qbz5n2kfra8p0\LocalCache\local-packages\Python311\site-packages\slack_bolt\listener\custom_listener.py", line 50, in run_ack_function
    return self.ack_function(
           ^^^^^^^^^^^^^^^^^^
  File "C:\Users\tsung\PycharmProjects\1325-signup-\main.py", line 437, in handle_reaction_removed
    update_poll_results(channel_id, poll_id, polls)
  File "C:\Users\tsung\PycharmProjects\1325-signup-\main.py", line 234, in update_poll_results
    if user_mentions in result_message:
       ^^^^^^^^^^^^^^^^^^^^^^^^^^^^^^^
TypeError: 'in <string>' requires string as left operand, not list
INFO:__main__:Started
INFO:__mp_main__:Started
INFO:__mp_main__:Started
INFO:__main__:Started
INFO:__mp_main__:Started
INFO:__mp_main__:Started
INFO:__main__:Started
INFO:__mp_main__:Started
INFO:__mp_main__:Started
INFO:__main__:Started
INFO:__mp_main__:Started
INFO:__mp_main__:Started
INFO:__main__:Started
INFO:__mp_main__:Started
INFO:__mp_main__:Started
INFO:__main__:Started
INFO:__mp_main__:Started
INFO:__mp_main__:Started
INFO:__main__:Started
INFO:__mp_main__:Started
INFO:__mp_main__:Started
INFO:__main__:Started
INFO:__mp_main__:Started
INFO:__mp_main__:Started
INFO:__main__:Started
INFO:__mp_main__:Started
INFO:__mp_main__:Started
INFO:__main__:Started
INFO:__mp_main__:Started
INFO:__mp_main__:Started
INFO:__main__:Started
INFO:__mp_main__:Started
INFO:__mp_main__:Started
INFO:__main__:Started
INFO:__mp_main__:Started
INFO:__mp_main__:Started
INFO:__main__:Started
INFO:__mp_main__:Started
INFO:__mp_main__:Started
INFO:__main__:Started
INFO:__mp_main__:Started
INFO:__main__:Started
INFO:__mp_main__:Started
INFO:__mp_main__:Started
INFO:__main__:Started
INFO:__mp_main__:Started
INFO:__mp_main__:Started
INFO:__main__:Started
INFO:__mp_main__:Started
INFO:__mp_main__:Started
INFO:__main__:Started
INFO:__mp_main__:Started
INFO:__mp_main__:Started
INFO:__main__:Started
INFO:__mp_main__:Started
INFO:__mp_main__:Started
INFO:__main__:Started
INFO:__mp_main__:Started
INFO:__mp_main__:Started
INFO:__main__:Update limit reached. Skipping update.
INFO:__main__:Update limit reached. Skipping update.
INFO:__main__:Update limit reached. Skipping update.
INFO:__main__:Update limit reached. Skipping update.
INFO:__main__:Update limit reached. Skipping update.
INFO:__main__:Update limit reached. Skipping update.
INFO:__main__:Update limit reached. Skipping update.
INFO:__main__:Update limit reached. Skipping update.
INFO:__main__:Update limit reached. Skipping update.
INFO:__main__:Update limit reached. Skipping update.
INFO:__main__:Update limit reached. Skipping update.
INFO:__main__:Update limit reached. Skipping update.
INFO:__main__:Update limit reached. Skipping update.
INFO:__main__:Update limit reached. Skipping update.
INFO:__main__:Update limit reached. Skipping update.
INFO:__main__:Update limit reached. Skipping update.
INFO:__main__:Update limit reached. Skipping update.
INFO:__main__:Update limit reached. Skipping update.
INFO:__main__:Update limit reached. Skipping update.
INFO:__main__:Update limit reached. Skipping update.
INFO:__main__:Update limit reached. Skipping update.
INFO:__main__:Update limit reached. Skipping update.
INFO:__main__:Update limit reached. Skipping update.
INFO:__main__:Update limit reached. Skipping update.
INFO:__main__:Update limit reached. Skipping update.
INFO:__main__:Update limit reached. Skipping update.
INFO:__main__:Update limit reached. Skipping update.
INFO:__main__:Update limit reached. Skipping update.
INFO:__main__:Update limit reached. Skipping update.
INFO:__main__:Update limit reached. Skipping update.
INFO:__main__:Update limit reached. Skipping update.
INFO:__main__:Update limit reached. Skipping update.
INFO:__main__:Update limit reached. Skipping update.
INFO:__main__:Update limit reached. Skipping update.
INFO:__main__:Update limit reached. Skipping update.
INFO:__main__:Update limit reached. Skipping update.
INFO:__main__:Update limit reached. Skipping update.
INFO:__main__:Update limit reached. Skipping update.
INFO:__main__:Update limit reached. Skipping update.
INFO:__main__:Update limit reached. Skipping update.
INFO:__main__:Update limit reached. Skipping update.
INFO:__main__:Update limit reached. Skipping update.
INFO:__main__:Update limit reached. Skipping update.
INFO:__main__:Update limit reached. Skipping update.
INFO:__main__:Update limit reached. Skipping update.
INFO:__main__:Update limit reached. Skipping update.
INFO:__main__:Update limit reached. Skipping update.
INFO:__main__:Update limit reached. Skipping update.
INFO:__main__:Update limit reached. Skipping update.
INFO:__main__:Update limit reached. Skipping update.
INFO:__main__:Update limit reached. Skipping update.
INFO:__main__:Update limit reached. Skipping update.
INFO:__main__:Update limit reached. Skipping update.
INFO:__main__:Update limit reached. Skipping update.
INFO:__main__:Update limit reached. Skipping update.
INFO:__main__:Update limit reached. Skipping update.
INFO:__main__:Update limit reached. Skipping update.
INFO:__main__:Update limit reached. Skipping update.
INFO:__main__:Update limit reached. Skipping update.
INFO:__main__:Update limit reached. Skipping update.
INFO:__main__:Update limit reached. Skipping update.
INFO:__main__:Update limit reached. Skipping update.
INFO:__main__:Update limit reached. Skipping update.
INFO:__main__:Update limit reached. Skipping update.
INFO:__main__:Update limit reached. Skipping update.
INFO:__main__:Update limit reached. Skipping update.
INFO:__main__:Update limit reached. Skipping update.
INFO:__main__:Update limit reached. Skipping update.
INFO:__main__:Update limit reached. Skipping update.
INFO:__main__:Update limit reached. Skipping update.
INFO:__main__:Update limit reached. Skipping update.
INFO:__main__:Update limit reached. Skipping update.
INFO:__main__:Update limit reached. Skipping update.
INFO:__main__:Update limit reached. Skipping update.
INFO:__main__:Update limit reached. Skipping update.
INFO:__main__:Update limit reached. Skipping update.
INFO:__main__:Update limit reached. Skipping update.
INFO:__main__:Update limit reached. Skipping update.
INFO:__main__:Update limit reached. Skipping update.
INFO:__main__:Update limit reached. Skipping update.
INFO:__main__:Update limit reached. Skipping update.
INFO:__main__:Update limit reached. Skipping update.
INFO:__main__:Update limit reached. Skipping update.
INFO:__main__:Update limit reached. Skipping update.
INFO:__main__:Update limit reached. Skipping update.
INFO:__main__:Update limit reached. Skipping update.
INFO:__main__:Update limit reached. Skipping update.
INFO:__main__:Update limit reached. Skipping update.
INFO:__main__:Update limit reached. Skipping update.
INFO:__main__:Update limit reached. Skipping update.
INFO:__main__:Update limit reached. Skipping update.
INFO:__main__:Update limit reached. Skipping update.
INFO:__main__:Update limit reached. Skipping update.
INFO:__main__:Update limit reached. Skipping update.
INFO:__main__:Update limit reached. Skipping update.
INFO:__main__:Update limit reached. Skipping update.
INFO:__main__:Update limit reached. Skipping update.
INFO:__main__:Update limit reached. Skipping update.
INFO:__main__:Update limit reached. Skipping update.
INFO:__main__:Update limit reached. Skipping update.
INFO:__main__:Update limit reached. Skipping update.
INFO:__main__:Update limit reached. Skipping update.
INFO:__main__:Update limit reached. Skipping update.
INFO:__main__:Update limit reached. Skipping update.
INFO:__main__:Update limit reached. Skipping update.
INFO:__main__:Update limit reached. Skipping update.
INFO:__main__:Update limit reached. Skipping update.
INFO:__main__:Update limit reached. Skipping update.
INFO:__main__:Update limit reached. Skipping update.
INFO:__main__:Update limit reached. Skipping update.
INFO:__main__:Update limit reached. Skipping update.
INFO:__main__:Update limit reached. Skipping update.
INFO:__main__:Update limit reached. Skipping update.
INFO:__main__:Update limit reached. Skipping update.
INFO:__main__:Update limit reached. Skipping update.
INFO:__main__:Update limit reached. Skipping update.
INFO:__main__:Update limit reached. Skipping update.
INFO:__main__:Update limit reached. Skipping update.
INFO:__main__:Update limit reached. Skipping update.
INFO:__main__:Update limit reached. Skipping update.
INFO:__main__:Update limit reached. Skipping update.
INFO:__main__:Update limit reached. Skipping update.
INFO:__main__:Update limit reached. Skipping update.
INFO:__main__:Update limit reached. Skipping update.
INFO:__main__:Update limit reached. Skipping update.
INFO:__main__:Update limit reached. Skipping update.
INFO:__main__:Update limit reached. Skipping update.
INFO:__main__:Update limit reached. Skipping update.
INFO:__main__:Update limit reached. Skipping update.
INFO:__main__:Update limit reached. Skipping update.
INFO:__main__:Update limit reached. Skipping update.
INFO:__main__:Update limit reached. Skipping update.
INFO:__main__:Update limit reached. Skipping update.
INFO:__main__:Update limit reached. Skipping update.
INFO:__main__:Update limit reached. Skipping update.
INFO:__main__:Update limit reached. Skipping update.
INFO:__main__:Update limit reached. Skipping update.
INFO:__main__:Update limit reached. Skipping update.
INFO:__main__:Update limit reached. Skipping update.
INFO:__main__:Update limit reached. Skipping update.
INFO:__main__:Update limit reached. Skipping update.
INFO:__main__:Update limit reached. Skipping update.
INFO:__main__:Update limit reached. Skipping update.
INFO:__main__:Update limit reached. Skipping update.
INFO:__main__:Update limit reached. Skipping update.
INFO:__main__:Update limit reached. Skipping update.
INFO:__main__:Update limit reached. Skipping update.
INFO:__main__:Update limit reached. Skipping update.
INFO:__main__:Update limit reached. Skipping update.
INFO:__main__:Started
INFO:__mp_main__:Started
INFO:__mp_main__:Started
INFO:__main__:Started
INFO:__mp_main__:Started
INFO:__mp_main__:Started
INFO:__main__:Update limit reached. Skipping update.
INFO:__main__:Update limit reached. Skipping update.
INFO:__main__:Update limit reached. Skipping update.
INFO:__main__:Update limit reached. Skipping update.
INFO:__main__:Update limit reached. Skipping update.
INFO:__main__:Update limit reached. Skipping update.
INFO:__main__:Update limit reached. Skipping update.
INFO:__main__:Update limit reached. Skipping update.
INFO:__main__:Update limit reached. Skipping update.
INFO:__main__:Update limit reached. Skipping update.
INFO:__main__:Update limit reached. Skipping update.
INFO:__main__:Update limit reached. Skipping update.
INFO:__main__:Update limit reached. Skipping update.
INFO:__main__:Update limit reached. Skipping update.
INFO:__main__:Update limit reached. Skipping update.
INFO:__main__:Update limit reached. Skipping update.
INFO:__main__:Update limit reached. Skipping update.
INFO:__main__:Update limit reached. Skipping update.
INFO:__main__:Update limit reached. Skipping update.
INFO:__main__:Update limit reached. Skipping update.
INFO:__main__:Update limit reached. Skipping update.
INFO:__main__:Update limit reached. Skipping update.
INFO:__main__:Update limit reached. Skipping update.
INFO:__main__:Update limit reached. Skipping update.
INFO:__main__:Update limit reached. Skipping update.
INFO:__main__:Update limit reached. Skipping update.
INFO:__main__:Update limit reached. Skipping update.
INFO:__main__:Update limit reached. Skipping update.
INFO:__main__:Update limit reached. Skipping update.
INFO:__main__:Update limit reached. Skipping update.
INFO:__main__:Update limit reached. Skipping update.
INFO:__main__:Update limit reached. Skipping update.
INFO:__main__:Update limit reached. Skipping update.
INFO:__main__:Update limit reached. Skipping update.
INFO:__main__:Update limit reached. Skipping update.
INFO:__main__:Update limit reached. Skipping update.
INFO:__main__:Update limit reached. Skipping update.
INFO:__main__:Update limit reached. Skipping update.
INFO:__main__:Update limit reached. Skipping update.
INFO:__main__:Update limit reached. Skipping update.
INFO:__main__:Update limit reached. Skipping update.
INFO:__main__:Update limit reached. Skipping update.
INFO:__main__:Update limit reached. Skipping update.
INFO:__main__:Update limit reached. Skipping update.
INFO:__main__:Update limit reached. Skipping update.
INFO:__main__:Update limit reached. Skipping update.
INFO:__main__:Update limit reached. Skipping update.
INFO:__main__:Update limit reached. Skipping update.
INFO:__main__:Update limit reached. Skipping update.
INFO:__main__:Update limit reached. Skipping update.
INFO:__main__:Update limit reached. Skipping update.
INFO:__main__:Started
INFO:__mp_main__:Started
INFO:__mp_main__:Started
INFO:__mp_main__:create poll {0: {'active': True, 'channel_id': 'C07NBTGJ97A', 'timestamp': '1727244760.977959', 'options': ['Monday 6-9pm', ' Saturday 10am-1pm', ' Saturday 2pm-5pm'], 'emojis': ['one', 'two', 'three'], 'results': {}, 'max_mentions': 20, 'start_time': 1727244761.7216272, 'duration': 72, 'option_count': '1'}}
INFO:__main__:Update limit reached. Skipping update.
INFO:__main__:Update limit reached. Skipping update.
INFO:__main__:Update limit reached. Skipping update.
INFO:__main__:Update limit reached. Skipping update.
INFO:__main__:Update limit reached. Skipping update.
INFO:__main__:Update limit reached. Skipping update.
INFO:__main__:Update limit reached. Skipping update.
INFO:__main__:Update limit reached. Skipping update.
INFO:__main__:Update limit reached. Skipping update.
INFO:__main__:Update limit reached. Skipping update.
INFO:__main__:Update limit reached. Skipping update.
INFO:__main__:Update limit reached. Skipping update.
INFO:__main__:Update limit reached. Skipping update.
INFO:__main__:Update limit reached. Skipping update.
INFO:__main__:Update limit reached. Skipping update.
INFO:__main__:Update limit reached. Skipping update.
INFO:__main__:Update limit reached. Skipping update.
INFO:__main__:Update limit reached. Skipping update.
INFO:__main__:Update limit reached. Skipping update.
INFO:__main__:Update limit reached. Skipping update.
INFO:__main__:Update limit reached. Skipping update.
INFO:__main__:Update limit reached. Skipping update.
INFO:__main__:Update limit reached. Skipping update.
INFO:__main__:Update limit reached. Skipping update.
INFO:__main__:Update limit reached. Skipping update.
INFO:__main__:Update limit reached. Skipping update.
INFO:__main__:Update limit reached. Skipping update.
INFO:__main__:Update limit reached. Skipping update.
INFO:__main__:Update limit reached. Skipping update.
INFO:__main__:Update limit reached. Skipping update.
INFO:__main__:Update limit reached. Skipping update.
INFO:__main__:Update limit reached. Skipping update.
INFO:__main__:Update limit reached. Skipping update.
INFO:__main__:Update limit reached. Skipping update.
INFO:__main__:Update limit reached. Skipping update.
INFO:__main__:Update limit reached. Skipping update.
INFO:__main__:Update limit reached. Skipping update.
INFO:__main__:Update limit reached. Skipping update.
INFO:__main__:Update limit reached. Skipping update.
INFO:__main__:Update limit reached. Skipping update.
INFO:__main__:Update limit reached. Skipping update.
INFO:__main__:Update limit reached. Skipping update.
INFO:__main__:Update limit reached. Skipping update.
INFO:__main__:Update limit reached. Skipping update.
INFO:__main__:Update limit reached. Skipping update.
INFO:__main__:Update limit reached. Skipping update.
INFO:__main__:Update limit reached. Skipping update.
INFO:__main__:Update limit reached. Skipping update.
INFO:__main__:Update limit reached. Skipping update.
INFO:__mp_main__:Started
INFO:__mp_main__:create poll {0: {'active': True, 'channel_id': 'C07NBTGJ97A', 'timestamp': '1727244808.034059', 'options': ['Monday 6-9pm', ' Saturday 10am-1pm', ' Saturday 2pm-5pm'], 'emojis': ['one', 'two', 'three'], 'results': {}, 'max_mentions': 20, 'start_time': 1727244808.7994852, 'duration': 72, 'option_count': '0'}}
INFO:__main__:Update limit reached. Skipping update.
INFO:__main__:Update limit reached. Skipping update.
INFO:__main__:Update limit reached. Skipping update.
INFO:__main__:Update limit reached. Skipping update.
INFO:__main__:Update limit reached. Skipping update.
INFO:__main__:Started
INFO:__mp_main__:Started
INFO:__mp_main__:Started
INFO:__mp_main__:Started
INFO:__mp_main__:create poll {0: {'active': True, 'channel_id': 'C07NBTGJ97A', 'timestamp': '1727244808.034059', 'options': ['Monday 6-9pm', ' Saturday 10am-1pm', ' Saturday 2pm-5pm'], 'emojis': ['one', 'two', 'three'], 'results': {}, 'max_mentions': 20, 'start_time': 1727244808.7994852, 'duration': 72, 'option_count': '0'}, 1: {'active': True, 'channel_id': 'C07NBTGJ97A', 'timestamp': '1727245086.762509', 'options': ['Monday 6-9pm', ' Saturday 10am-1pm', ' Saturday 2pm-5pm'], 'emojis': ['one', 'two', 'three'], 'results': {}, 'max_mentions': 20, 'start_time': 1727245087.4819021, 'duration': 72, 'option_count': '1'}}
INFO:__main__:Update limit reached. Skipping update.
INFO:__main__:Update limit reached. Skipping update.
INFO:__main__:Update limit reached. Skipping update.
INFO:__main__:Update limit reached. Skipping update.
INFO:__main__:Update limit reached. Skipping update.
INFO:__main__:Update limit reached. Skipping update.
INFO:__main__:Update limit reached. Skipping update.
INFO:__main__:Update limit reached. Skipping update.
INFO:__main__:Update limit reached. Skipping update.
INFO:__main__:Update limit reached. Skipping update.
INFO:__main__:Update limit reached. Skipping update.
